<?xml version="1.0" encoding="UTF-8"?>
<testng-results skipped="0" failed="0" total="1" passed="1">
  <reporter-output>
  </reporter-output>
  <suite name="Default suite" duration-ms="28362" started-at="2017-10-31T09:57:46Z" finished-at="2017-10-31T09:58:15Z">
    <groups>
    </groups>
    <test name="Default test" duration-ms="28362" started-at="2017-10-31T09:57:46Z" finished-at="2017-10-31T09:58:15Z">
      <class name="AndroidTest.Module.Config">
        <test-method status="PASS" signature="invokeBrowser()[pri:0, instance:AndroidTest.Module.Config@1753acfe]" name="invokeBrowser" duration-ms="28350" started-at="2017-10-31T15:27:46Z" finished-at="2017-10-31T15:28:15Z">
          <reporter-output>
          </reporter-output>
        </test-method> <!-- invokeBrowser -->
      </class> <!-- AndroidTest.Module.Config -->
    </test> <!-- Default test -->
  </suite> <!-- Default suite -->
</testng-results>
